<?xml version="1.0" encoding="UTF-8"?>
<!-- Generated by org.testng.reporters.JUnitReportReporter -->
<testsuite hostname="ATMECSBLRLT-073" failures="0" tests="1" name="EverysetBgApp.PhotoUploadModule" time="17.585" errors="0" timestamp="2023-10-31T13:58:11 IST" skipped="0">
  <testcase classname="EverysetBgApp.PhotoUploadModule" name="Upload" time="17.585"/>
  <system-out/>
</testsuite> <!-- EverysetBgApp.PhotoUploadModule -->
