<?xml version="1.0" encoding="UTF-8"?>
<!-- Generated by org.testng.reporters.JUnitReportReporter -->
<testsuite hostname="ATMECSBLRLT-073" failures="0" tests="1" name="com.everyset.utilities.HelpUtils" time="0.029" errors="0" timestamp="2023-12-01T17:00:21 IST" skipped="0">
  <testcase classname="com.everyset.utilities.HelpUtils" name="CsvReader" time="0.029"/>
  <system-out/>
</testsuite> <!-- com.everyset.utilities.HelpUtils -->
