<?xml version="1.0" encoding="UTF-8"?>
<!-- Generated by org.testng.reporters.JUnitReportReporter -->
<testsuite hostname="ATMECSBLRLT-073" failures="0" tests="1" name="EverysetBgApp.MyProfile" time="71.465" errors="0" timestamp="2023-11-27T17:36:18 IST" skipped="0">
  <testcase classname="EverysetBgApp.MyProfile" name="MyProfileMainPage" time="71.465"/>
  <system-out/>
</testsuite> <!-- EverysetBgApp.MyProfile -->
