<?xml version="1.0" encoding="UTF-8"?>
<!-- Generated by org.testng.reporters.JUnitReportReporter -->
<testsuite hostname="ATMECSBLRLT-073" failures="0" tests="1" name="com.everyset.testcases.ProfilePic" time="0.028" errors="0" timestamp="2023-12-01T19:09:59 IST" skipped="0">
  <testcase classname="com.everyset.testcases.ProfilePic" name="testGetDataFromSheet" time="0.028"/>
  <system-out/>
</testsuite> <!-- com.everyset.testcases.ProfilePic -->
