<?xml version="1.0" encoding="UTF-8"?>
<!-- Generated by org.testng.reporters.JUnitReportReporter -->
<testsuite hostname="ATMECSBLRLT-073" failures="0" tests="1" name="EverysetBgApp.ProfilePic" time="28.535" errors="0" timestamp="2023-10-20T18:45:28 IST" skipped="0">
  <testcase classname="EverysetBgApp.ProfilePic" name="Profile" time="28.535"/>
  <system-out/>
</testsuite> <!-- EverysetBgApp.ProfilePic -->
