<?xml version="1.0" encoding="UTF-8"?>
<!-- Generated by org.testng.reporters.JUnitReportReporter -->
<testsuite hostname="ATMECSBLRLT-073" failures="0" tests="1" name="EverysetBgApp.practice" time="18.391" errors="0" timestamp="2023-11-02T13:00:39 IST" skipped="0">
  <testcase classname="EverysetBgApp.practice" name="f" time="18.391"/>
  <system-out/>
</testsuite> <!-- EverysetBgApp.practice -->
