<?xml version="1.0" encoding="UTF-8"?>
<!-- Generated by org.testng.reporters.JUnitReportReporter -->
<testsuite hostname="ATMECSBLRLT-073" failures="0" tests="1" name="EverysetBgApp.Jobs" time="29.290" errors="0" timestamp="2023-11-23T16:47:02 IST" skipped="0">
  <testcase classname="EverysetBgApp.Jobs" name="Unavailable" time="29.290"/>
  <system-out/>
</testsuite> <!-- EverysetBgApp.Jobs -->
