<?xml version="1.0" encoding="UTF-8"?>
<!-- Generated by org.testng.reporters.JUnitReportReporter -->
<testsuite hostname="ATMECSBLRLT-073" failures="0" tests="1" name="EverysetBgApp.TabsBar" time="22.350" errors="0" timestamp="2023-10-20T18:26:14 IST" skipped="0">
  <testcase classname="EverysetBgApp.TabsBar" name="Profile" time="22.350"/>
  <system-out/>
</testsuite> <!-- EverysetBgApp.TabsBar -->
