<?xml version="1.0" encoding="UTF-8"?>
<!-- Generated by org.testng.reporters.JUnitReportReporter -->
<testsuite hostname="ATMECSBLRLT-073" failures="0" tests="1" name="EverysetBgApp.Invites_page" time="25.606" errors="0" timestamp="2023-11-14T18:18:01 IST" skipped="0">
  <testcase classname="EverysetBgApp.Invites_page" name="Unavailable" time="25.606"/>
  <system-out/>
</testsuite> <!-- EverysetBgApp.Invites_page -->
