<?xml version="1.0" encoding="UTF-8"?>
<!-- Generated by org.testng.reporters.JUnitReportReporter -->
<testsuite hostname="ATMECSBLRLT-073" failures="0" tests="1" name="EverysetBgApp.XlData" time="0.957" errors="0" timestamp="2023-11-03T10:46:07 IST" skipped="0">
  <testcase classname="EverysetBgApp.XlData" name="getData" time="0.957"/>
  <system-out/>
</testsuite> <!-- EverysetBgApp.XlData -->
