<?xml version="1.0" encoding="UTF-8"?>
<!-- Generated by org.testng.reporters.JUnitReportReporter -->
<testsuite hostname="ATMECSBLRLT-073" failures="0" tests="1" name="EverysetBgApp.GeneralInformation" time="19.855" errors="0" timestamp="2023-11-02T13:07:29 IST" skipped="0">
  <testcase classname="EverysetBgApp.GeneralInformation" name="f" time="19.855"/>
  <system-out/>
</testsuite> <!-- EverysetBgApp.GeneralInformation -->
